<?xml version="1.0" encoding="UTF-8"?>
<!-- Generated by org.testng.reporters.JUnitReportReporter -->
<testsuite hostname="LAPTOP-VUUC1B2Q" name="com.app.tests.HomePageTestSize" tests="3" failures="0" timestamp="10 Apr 2020 14:02:03 GMT" time="5.674" errors="0">
  <testcase name="VerifySizeTshirt" time="2.072" classname="com.app.tests.HomePageTestSize"/>
  <testcase name="VerifySizeDress" time="2.264" classname="com.app.tests.HomePageTestSize"/>
  <testcase name="VerifySizeWomen" time="1.338" classname="com.app.tests.HomePageTestSize"/>
</testsuite> <!-- com.app.tests.HomePageTestSize -->
