<?xml version="1.0" encoding="UTF-8"?>
<!-- Generated by org.testng.reporters.JUnitReportReporter -->
<testsuite hostname="LAPTOP-VUUC1B2Q" name="com.app.tests.HomePageTestSize" tests="3" failures="0" timestamp="14 Apr 2020 13:13:43 GMT" time="7.295" errors="0">
  <testcase name="VerifySizeWomen" time="2.340" classname="com.app.tests.HomePageTestSize"/>
  <testcase name="VerifySizeDress" time="3.063" classname="com.app.tests.HomePageTestSize"/>
  <testcase name="VerifySizeTshirt" time="1.892" classname="com.app.tests.HomePageTestSize"/>
</testsuite> <!-- com.app.tests.HomePageTestSize -->
