<?xml version="1.0" encoding="UTF-8"?>
<!-- Generated by org.testng.reporters.JUnitReportReporter -->
<testsuite hostname="LAPTOP-VUUC1B2Q" name="com.app.tests.HomePageTest" tests="3" failures="0" timestamp="14 Apr 2020 13:13:43 GMT" time="0.059" errors="0">
  <testcase name="VerifyTshirtTag" time="0.019" classname="com.app.tests.HomePageTest"/>
  <testcase name="VerifyWomenTag" time="0.019" classname="com.app.tests.HomePageTest"/>
  <testcase name="VerifyDressTag" time="0.021" classname="com.app.tests.HomePageTest"/>
</testsuite> <!-- com.app.tests.HomePageTest -->
